<?xml version="1.0" encoding="UTF-8"?>
<testng-results skipped="0" failed="0" ignored="0" total="1" passed="1">
  <reporter-output>
  </reporter-output>
  <suite name="Command line suite" duration-ms="28437" started-at="2022-01-24T10:53:22Z" finished-at="2022-01-24T10:53:51Z">
    <groups>
      <group name="cucumber">
        <method signature="AbstractTestNGCucumberTests.runScenario(io.cucumber.testng.PickleWrapper, io.cucumber.testng.FeatureWrapper)[pri:0, instance:runner.TestRunner@589838eb]" name="runScenario" class="io.cucumber.testng.AbstractTestNGCucumberTests"/>
        <method signature="AbstractTestNGCucumberTests.runScenario(io.cucumber.testng.PickleWrapper, io.cucumber.testng.FeatureWrapper)[pri:0, instance:tests.TestBase@42dafa95]" name="runScenario" class="io.cucumber.testng.AbstractTestNGCucumberTests"/>
      </group> <!-- cucumber -->
    </groups>
    <test name="Command line test" duration-ms="28437" started-at="2022-01-24T10:53:22Z" finished-at="2022-01-24T10:53:51Z">
      <class name="tests.TestBase">
        <test-method status="PASS" signature="setUpClass()[pri:0, instance:tests.TestBase@42dafa95]" name="setUpClass" is-config="true" duration-ms="18" started-at="2022-01-24T10:53:51Z" finished-at="2022-01-24T10:53:51Z">
          <reporter-output>
          </reporter-output>
        </test-method> <!-- setUpClass -->
        <test-method status="PASS" signature="tearDownClass()[pri:0, instance:tests.TestBase@42dafa95]" name="tearDownClass" is-config="true" duration-ms="1" started-at="2022-01-24T10:53:51Z" finished-at="2022-01-24T10:53:51Z">
          <reporter-output>
          </reporter-output>
        </test-method> <!-- tearDownClass -->
      </class> <!-- tests.TestBase -->
      <class name="runner.TestRunner">
        <test-method status="PASS" signature="setUpClass()[pri:0, instance:runner.TestRunner@589838eb]" name="setUpClass" is-config="true" duration-ms="628" started-at="2022-01-24T10:53:22Z" finished-at="2022-01-24T10:53:23Z">
          <reporter-output>
          </reporter-output>
        </test-method> <!-- setUpClass -->
        <test-method status="PASS" signature="runScenario(io.cucumber.testng.PickleWrapper, io.cucumber.testng.FeatureWrapper)[pri:0, instance:runner.TestRunner@589838eb]" name="runScenario" duration-ms="27736" started-at="2022-01-24T10:53:23Z" description="Runs Cucumber Scenarios" data-provider="scenarios" finished-at="2022-01-24T10:53:51Z">
          <params>
            <param index="0">
              <value>
                <![CDATA["Verify elements on landing page for iOS"]]>
              </value>
            </param>
            <param index="1">
              <value>
                <![CDATA["Optional[Check landing page]"]]>
              </value>
            </param>
          </params>
          <reporter-output>
          </reporter-output>
        </test-method> <!-- runScenario -->
        <test-method status="PASS" signature="tearDownClass()[pri:0, instance:runner.TestRunner@589838eb]" name="tearDownClass" is-config="true" duration-ms="35" started-at="2022-01-24T10:53:51Z" finished-at="2022-01-24T10:53:51Z">
          <reporter-output>
          </reporter-output>
        </test-method> <!-- tearDownClass -->
      </class> <!-- runner.TestRunner -->
    </test> <!-- Command line test -->
  </suite> <!-- Command line suite -->
</testng-results>
